<?xml version="1.0" encoding="UTF-8"?>
<testsuite name="Day1" tests="2" skipped="0" failures="0" errors="0" timestamp="2022-12-01T18:11:47" hostname="landry-Laptop-12th-Gen-Intel-Core" time="0.04">
  <properties/>
  <testcase name="testElfCalories()" classname="Day1" time="0.036"/>
  <testcase name="testTop3Elves()" classname="Day1" time="0.004"/>
  <system-out><![CDATA[]]></system-out>
  <system-err><![CDATA[]]></system-err>
</testsuite>
