<?xml version="1.0" encoding="UTF-8"?>
<testsuite name="Day1" tests="1" skipped="0" failures="0" errors="0" timestamp="2022-12-01T18:29:42" hostname="landry-Laptop-12th-Gen-Intel-Core" time="0.045">
  <properties/>
  <testcase name="runDay1()" classname="Day1" time="0.045"/>
  <system-out><![CDATA[]]></system-out>
  <system-err><![CDATA[]]></system-err>
</testsuite>
